<?xml version="1.0" encoding="UTF-8"?>
<!-- Generated by org.testng.reporters.JUnitXMLReporter -->
<testsuite ignored="9" hostname="DESKTOP-UHB9FFT" failures="0" tests="2" name="Default test" time="4.437" errors="0" timestamp="2023-09-26T11:17:20 EDT">
  <testcase classname="api_tests.PetStoreTests" name="createApet_Post" time="3.114"/>
  <testcase classname="api_tests.PetStoreTests" name="findaPetById_chainValidation" time="0.357"/>
  <testcase classname="api_tests.PetStoreTests" name="findPetsByStatus_providingQueryParameter" time="0.0">
    <ignored/>
  </testcase> <!-- findPetsByStatus_providingQueryParameter -->
  <testcase classname="api_tests.PetStoreTests" name="petNotFound" time="0.0">
    <ignored/>
  </testcase> <!-- petNotFound -->
  <testcase classname="api_tests.PetStoreTests" name="deleteThePet" time="0.0">
    <ignored/>
  </testcase> <!-- deleteThePet -->
  <testcase classname="api_tests.PetStoreTests" name="uploadApet" time="0.0">
    <ignored/>
  </testcase> <!-- uploadApet -->
  <testcase classname="api_tests.PetStoreTests" name="updateApet" time="0.0">
    <ignored/>
  </testcase> <!-- updateApet -->
  <testcase classname="api_tests.PetStoreTests" name="findaPetById" time="0.0">
    <ignored/>
  </testcase> <!-- findaPetById -->
  <testcase classname="api_tests.PetStoreTests" name="updatePet_Put" time="0.0">
    <ignored/>
  </testcase> <!-- updatePet_Put -->
  <testcase classname="api_tests.PetStoreTests" name="createApet_with_json_file" time="0.0">
    <ignored/>
  </testcase> <!-- createApet_with_json_file -->
  <testcase classname="api_tests.PetStoreTests" name="findPetsByStatus" time="0.0">
    <ignored/>
  </testcase> <!-- findPetsByStatus -->
</testsuite> <!-- Default test -->
