<?xml version="1.0" encoding="UTF-8"?>
<testsuite xmlns:xsi="http://www.w3.org/2001/XMLSchema-instance" xsi:noNamespaceSchemaLocation="https://maven.apache.org/surefire/maven-surefire-plugin/xsd/surefire-test-report-3.0.xsd" version="3.0" name="TestSuite" time="4.44" tests="11" errors="0" skipped="0" failures="4">
  <properties>
[...]
</properties>
  <testcase name="createApet_Post" classname="api_tests.PetStoreTests" time="2.253">
    <system-out><![CDATA[{
    "id": 425,
    "category": {
        "id": 21,
        "name": "Dog"
    },
    "name": "PewPewDoggie",
    "photoUrls": [
        "string"
    ],
    "tags": [
        {
            "id": 21999,
            "name": "P_21999"
        }
    ],
    "status": "available"
}
PewPewDoggie
Dog
425
available
P_21999
]]></system-out>
  </testcase>
  <testcase name="createApet_with_json_file" classname="api_tests.PetStoreTests" time="0.019">
    <failure message=".\src\test\resources\json_files\createApet.json (The system cannot find the path specified)" type="java.io.FileNotFoundException"><![CDATA[java.io.FileNotFoundException: .\src\test\resources\json_files\createApet.json (The system cannot find the path specified)
	at api_tests.PetStoreTests.createApet_with_json_file(PetStoreTests.java:288)
]]></failure>
  </testcase>
  <testcase name="findPetsByStatus" classname="api_tests.PetStoreTests" time="0.208">
    <system-out><![CDATA[HTTP/1.1 200 OK
Date: Tue, 09 May 2023 01:08:08 GMT
Content-Type: application/json
Transfer-Encoding: chunked
Connection: keep-alive
Access-Control-Allow-Origin: *
Access-Control-Allow-Methods: GET, POST, DELETE, PUT
Access-Control-Allow-Headers: Content-Type, api_key, Authorization
Server: Jetty(9.2.9.v20150224)

[
    {
        "id": 12,
        "category": {
            "id": 0,
            "name": "dogs"
        },
        "photoUrls": [
            "string"
        ],
        "tags": [
            {
                "id": 0,
                "name": "string"
            }
        ],
        "status": "sold"
    },
    {
        "id": 13,
        "category": {
            "id": 0,
            "name": "cats"
        },
        "photoUrls": [
            "string"
        ],
        "tags": [
            {
                "id": 0,
                "name": "string"
            }
        ],
        "status": "sold"
    },
    {
        "id": 23688827,
        "category": {
            "id": 38199557,
            "name": "officia in"
        },
        "name": "doggie",
        "photoUrls": [
            "culpa aliqua do Ut",
            "pariatur non qui"
        ],
        "tags": [
            {
                "id": -59409203,
                "name": "irure id dolor D"
            },
            {
                "id": -8983193,
                "name": "amet Duis"
            }
        ],
        "status": "sold"
    }
]
]]></system-out>
  </testcase>
  <testcase name="findPetsByStatus_providingQueryParameter" classname="api_tests.PetStoreTests" time="0.097">
    <system-out><![CDATA[[
    
]
]]></system-out>
  </testcase>
  <testcase name="petNotFound" classname="api_tests.PetStoreTests" time="0.098">
    <system-out><![CDATA[{
    "code": 1,
    "type": "error",
    "message": "Pet not found"
}
]]></system-out>
  </testcase>
  <testcase name="uploadApet" classname="api_tests.PetStoreTests" time="0.135">
    <system-out><![CDATA[{
    "id": 1001,
    "category": {
        "id": 0,
        "name": "Dog"
    },
    "name": "PewPewDog",
    "photoUrls": [
        "string"
    ],
    "tags": [
        {
            "id": 0,
            "name": "Dog_1001"
        }
    ],
    "status": "sold"
}
]]></system-out>
  </testcase>
  <testcase name="deleteThePet" classname="api_tests.PetStoreTests" time="0.076">
    <failure message="expected [200] but found [404]" type="java.lang.AssertionError"><![CDATA[java.lang.AssertionError: expected [200] but found [404]
	at api_tests.PetStoreTests.deleteThePet(PetStoreTests.java:240)
]]></failure>
    <system-out><![CDATA[
]]></system-out>
  </testcase>
  <testcase name="findaPetById" classname="api_tests.PetStoreTests" time="0.075">
    <failure message="expected [200] but found [404]" type="java.lang.AssertionError"><![CDATA[java.lang.AssertionError: expected [200] but found [404]
	at api_tests.PetStoreTests.findaPetById(PetStoreTests.java:192)
]]></failure>
  </testcase>
  <testcase name="findaPetById_chainValidation" classname="api_tests.PetStoreTests" time="0.091">
    <failure message="1 expectation failed.&#10;Expected status code &lt;200&gt; but was &lt;404&gt;.&#10;" type="java.lang.AssertionError"><![CDATA[java.lang.AssertionError: 
1 expectation failed.
Expected status code <200> but was <404>.

	at api_tests.PetStoreTests.findaPetById_chainValidation(PetStoreTests.java:215)
]]></failure>
    <system-out><![CDATA[{
    "code": 1,
    "type": "error",
    "message": "Pet not found"
}
]]></system-out>
  </testcase>
  <testcase name="updatePet_Put" classname="api_tests.PetStoreTests" time="0.154">
    <system-out><![CDATA[{
    "id": 462,
    "category": {
        "id": 21,
        "name": "Dog"
    },
    "name": "PewPew",
    "photoUrls": [
        "string"
    ],
    "tags": [
        {
            "id": 21999,
            "name": "P_21999"
        }
    ],
    "status": "pending"
}
PewPew
Dog
462
pending
P_21999
]]></system-out>
  </testcase>
  <testcase name="updateApet" classname="api_tests.PetStoreTests" time="0.104">
    <system-out><![CDATA[{
    "id": 1001,
    "category": {
        "id": 0,
        "name": "Dog"
    },
    "name": "PewDogPew",
    "photoUrls": [
        "string"
    ],
    "tags": [
        {
            "id": 0,
            "name": "Dog_1001"
        }
    ],
    "status": "available"
}
]]></system-out>
  </testcase>
</testsuite>